<testExecutions version="1">
<file path="test\unit.js">
<testCase name=": Main page content" duration="18">
<failure message="expected &apos;&lt;!DOCTYPE html&gt;\n&lt;html lang=&quot;en&quot;&gt;\n&lt;head&gt;\n&lt;meta charset=&quot;utf-8&quot;&gt;\n&lt;title&gt;Error&lt;/title&gt;\n&lt;/head&gt;\n&lt;body&gt;\n&lt;pre&gt;Cannot GET /&lt;/pre&gt;\n&lt;/body&gt;\n&lt;/html&gt;\n&apos; to equal &apos;Hello World&apos;"><![CDATA[AssertionError: expected '<!DOCTYPE html>\n<html lang="en">\n<head>\n<meta charset="utf-8">\n<title>Error</title>\n</head>\n<body>\n<pre>Cannot GET /</pre>\n</body>\n</html>\n' to equal 'Hello World'
    at Request._callback (test\unit.js:6:25)
    at Request.self.callback (node_modules\request\request.js:185:22)
    at Request.<anonymous> (node_modules\request\request.js:1154:10)
    at IncomingMessage.<anonymous> (node_modules\request\request.js:1076:12)
    at endReadableNT (_stream_readable.js:1187:12)
    at processTicksAndRejections (internal/process/task_queues.js:84:21)]]></failure>
</testCase>
</file>
</testExecutions>
